{"D:\\Development\\Code\\Udemy\\JS\\Projects\\Avia_Tickets\\src\\js\\app.js": {"path":"D:\\Development\\Code\\Udemy\\JS\\Projects\\Avia_Tickets\\src\\js\\app.js","statementMap":{"0":{"start":{"line":8,"column":0},"end":{"line":52,"column":3}},"1":{"start":{"line":9,"column":15},"end":{"line":9,"column":26}},"2":{"start":{"line":12,"column":2},"end":{"line":12,"column":12}},"3":{"start":{"line":13,"column":2},"end":{"line":16,"column":5}},"4":{"start":{"line":14,"column":4},"end":{"line":14,"column":23}},"5":{"start":{"line":15,"column":4},"end":{"line":15,"column":19}},"6":{"start":{"line":20,"column":4},"end":{"line":20,"column":27}},"7":{"start":{"line":21,"column":4},"end":{"line":21,"column":54}},"8":{"start":{"line":25,"column":19},"end":{"line":25,"column":65}},"9":{"start":{"line":26,"column":24},"end":{"line":26,"column":75}},"10":{"start":{"line":27,"column":24},"end":{"line":27,"column":46}},"11":{"start":{"line":28,"column":24},"end":{"line":28,"column":46}},"12":{"start":{"line":29,"column":21},"end":{"line":29,"column":44}},"13":{"start":{"line":31,"column":4},"end":{"line":37,"column":7}},"14":{"start":{"line":39,"column":4},"end":{"line":39,"column":50}},"15":{"start":{"line":45,"column":2},"end":{"line":49,"column":5}},"16":{"start":{"line":46,"column":4},"end":{"line":48,"column":5}},"17":{"start":{"line":47,"column":6},"end":{"line":47,"column":26}}},"fnMap":{"0":{"name":"(anonymous_0)","decl":{"start":{"line":8,"column":46},"end":{"line":8,"column":47}},"loc":{"start":{"line":8,"column":51},"end":{"line":52,"column":1}},"line":8},"1":{"name":"(anonymous_1)","decl":{"start":{"line":13,"column":34},"end":{"line":13,"column":35}},"loc":{"start":{"line":13,"column":39},"end":{"line":16,"column":3}},"line":13},"2":{"name":"initApp","decl":{"start":{"line":19,"column":17},"end":{"line":19,"column":24}},"loc":{"start":{"line":19,"column":27},"end":{"line":22,"column":3}},"line":19},"3":{"name":"onFormSubmit","decl":{"start":{"line":24,"column":17},"end":{"line":24,"column":29}},"loc":{"start":{"line":24,"column":32},"end":{"line":40,"column":3}},"line":24},"4":{"name":"(anonymous_4)","decl":{"start":{"line":45,"column":48},"end":{"line":45,"column":49}},"loc":{"start":{"line":45,"column":81},"end":{"line":49,"column":3}},"line":45}},"branchMap":{"0":{"loc":{"start":{"line":46,"column":4},"end":{"line":48,"column":5}},"type":"if","locations":[{"start":{"line":46,"column":4},"end":{"line":48,"column":5}},{"start":{"line":46,"column":4},"end":{"line":48,"column":5}}],"line":46}},"s":{"0":0,"1":0,"2":0,"3":0,"4":0,"5":0,"6":0,"7":0,"8":0,"9":0,"10":0,"11":0,"12":0,"13":0,"14":0,"15":0,"16":0,"17":0},"f":{"0":0,"1":0,"2":0,"3":0,"4":0},"b":{"0":[0,0]},"hash":"86e6f5e542576d4b23d5d99184199fff9fd6f933"}
,"D:\\Development\\Code\\Udemy\\JS\\Projects\\Avia_Tickets\\src\\js\\config\\apiConfig.js": {"path":"D:\\Development\\Code\\Udemy\\JS\\Projects\\Avia_Tickets\\src\\js\\config\\apiConfig.js","statementMap":{"0":{"start":{"line":1,"column":15},"end":{"line":3,"column":1}}},"fnMap":{},"branchMap":{},"s":{"0":0},"f":{},"b":{},"hash":"2b741b277abdabea3da3ede52ddad70b3cc1e036"}
,"D:\\Development\\Code\\Udemy\\JS\\Projects\\Avia_Tickets\\src\\js\\helpers\\date.js": {"path":"D:\\Development\\Code\\Udemy\\JS\\Projects\\Avia_Tickets\\src\\js\\helpers\\date.js","statementMap":{"0":{"start":{"line":11,"column":17},"end":{"line":11,"column":30}},"1":{"start":{"line":12,"column":4},"end":{"line":12,"column":30}}},"fnMap":{"0":{"name":"formatDate","decl":{"start":{"line":10,"column":16},"end":{"line":10,"column":26}},"loc":{"start":{"line":10,"column":38},"end":{"line":13,"column":1}},"line":10}},"branchMap":{},"s":{"0":1,"1":1},"f":{"0":1},"b":{},"_coverageSchema":"43e27e138ebf9cfc5966b082cf9a028302ed4184","hash":"06b624960888c6d6c78a561dde2200db4e707a49"}
,"D:\\Development\\Code\\Udemy\\JS\\Projects\\Avia_Tickets\\src\\js\\plugins\\index.js": {"path":"D:\\Development\\Code\\Udemy\\JS\\Projects\\Avia_Tickets\\src\\js\\plugins\\index.js","statementMap":{},"fnMap":{},"branchMap":{},"s":{},"f":{},"b":{},"hash":"4592a8f3024debc48ecd791a8296dc1f7f185484"}
,"D:\\Development\\Code\\Udemy\\JS\\Projects\\Avia_Tickets\\src\\js\\plugins\\materialize.js": {"path":"D:\\Development\\Code\\Udemy\\JS\\Projects\\Avia_Tickets\\src\\js\\plugins\\materialize.js","statementMap":{"0":{"start":{"line":5,"column":15},"end":{"line":5,"column":50}},"1":{"start":{"line":6,"column":0},"end":{"line":6,"column":26}},"2":{"start":{"line":9,"column":2},"end":{"line":9,"column":40}},"3":{"start":{"line":13,"column":21},"end":{"line":13,"column":63}},"4":{"start":{"line":14,"column":0},"end":{"line":14,"column":34}},"5":{"start":{"line":17,"column":2},"end":{"line":17,"column":42}},"6":{"start":{"line":21,"column":20},"end":{"line":21,"column":60}},"7":{"start":{"line":22,"column":0},"end":{"line":25,"column":3}},"8":{"start":{"line":28,"column":2},"end":{"line":28,"column":40}}},"fnMap":{"0":{"name":"getSelectInstance","decl":{"start":{"line":8,"column":16},"end":{"line":8,"column":33}},"loc":{"start":{"line":8,"column":40},"end":{"line":10,"column":1}},"line":8},"1":{"name":"getAutocompleteInstance","decl":{"start":{"line":16,"column":16},"end":{"line":16,"column":39}},"loc":{"start":{"line":16,"column":46},"end":{"line":18,"column":1}},"line":16},"2":{"name":"getDatePickerInstance","decl":{"start":{"line":27,"column":16},"end":{"line":27,"column":37}},"loc":{"start":{"line":27,"column":44},"end":{"line":29,"column":1}},"line":27}},"branchMap":{},"s":{"0":0,"1":0,"2":0,"3":0,"4":0,"5":0,"6":0,"7":0,"8":0},"f":{"0":0,"1":0,"2":0},"b":{},"hash":"d4a5b2c525c9d6a3fe1a9c60bc2b7dc06d0ab41d"}
,"D:\\Development\\Code\\Udemy\\JS\\Projects\\Avia_Tickets\\src\\js\\services\\apiService.js": {"path":"D:\\Development\\Code\\Udemy\\JS\\Projects\\Avia_Tickets\\src\\js\\services\\apiService.js","statementMap":{"0":{"start":{"line":6,"column":4},"end":{"line":6,"column":26}},"1":{"start":{"line":9,"column":4},"end":{"line":15,"column":5}},"2":{"start":{"line":10,"column":23},"end":{"line":10,"column":63}},"3":{"start":{"line":11,"column":6},"end":{"line":11,"column":27}},"4":{"start":{"line":13,"column":6},"end":{"line":13,"column":23}},"5":{"start":{"line":14,"column":6},"end":{"line":14,"column":33}},"6":{"start":{"line":18,"column":4},"end":{"line":24,"column":5}},"7":{"start":{"line":19,"column":23},"end":{"line":19,"column":60}},"8":{"start":{"line":20,"column":6},"end":{"line":20,"column":27}},"9":{"start":{"line":22,"column":6},"end":{"line":22,"column":23}},"10":{"start":{"line":23,"column":6},"end":{"line":23,"column":33}},"11":{"start":{"line":27,"column":4},"end":{"line":33,"column":5}},"12":{"start":{"line":28,"column":23},"end":{"line":28,"column":62}},"13":{"start":{"line":29,"column":6},"end":{"line":29,"column":27}},"14":{"start":{"line":31,"column":6},"end":{"line":31,"column":23}},"15":{"start":{"line":32,"column":6},"end":{"line":32,"column":33}},"16":{"start":{"line":37,"column":4},"end":{"line":45,"column":5}},"17":{"start":{"line":38,"column":23},"end":{"line":40,"column":8}},"18":{"start":{"line":41,"column":6},"end":{"line":41,"column":27}},"19":{"start":{"line":43,"column":6},"end":{"line":43,"column":23}},"20":{"start":{"line":44,"column":6},"end":{"line":44,"column":33}},"21":{"start":{"line":49,"column":12},"end":{"line":49,"column":27}}},"fnMap":{"0":{"name":"(anonymous_0)","decl":{"start":{"line":5,"column":2},"end":{"line":5,"column":3}},"loc":{"start":{"line":5,"column":22},"end":{"line":7,"column":3}},"line":5},"1":{"name":"(anonymous_1)","decl":{"start":{"line":8,"column":2},"end":{"line":8,"column":3}},"loc":{"start":{"line":8,"column":20},"end":{"line":16,"column":3}},"line":8},"2":{"name":"(anonymous_2)","decl":{"start":{"line":17,"column":2},"end":{"line":17,"column":3}},"loc":{"start":{"line":17,"column":17},"end":{"line":25,"column":3}},"line":17},"3":{"name":"(anonymous_3)","decl":{"start":{"line":26,"column":2},"end":{"line":26,"column":3}},"loc":{"start":{"line":26,"column":19},"end":{"line":34,"column":3}},"line":26},"4":{"name":"(anonymous_4)","decl":{"start":{"line":36,"column":2},"end":{"line":36,"column":3}},"loc":{"start":{"line":36,"column":23},"end":{"line":46,"column":3}},"line":36}},"branchMap":{},"s":{"0":0,"1":0,"2":0,"3":0,"4":0,"5":0,"6":0,"7":0,"8":0,"9":0,"10":0,"11":0,"12":0,"13":0,"14":0,"15":0,"16":0,"17":0,"18":0,"19":0,"20":0,"21":0},"f":{"0":0,"1":0,"2":0,"3":0,"4":0},"b":{},"hash":"352a894d4142c3ca55d97a8fc40f253a3a435a92"}
,"D:\\Development\\Code\\Udemy\\JS\\Projects\\Avia_Tickets\\src\\js\\store\\favoriteTickets.js": {"path":"D:\\Development\\Code\\Udemy\\JS\\Projects\\Avia_Tickets\\src\\js\\store\\favoriteTickets.js","statementMap":{"0":{"start":{"line":4,"column":24},"end":{"line":6,"column":1}}},"fnMap":{},"branchMap":{},"s":{"0":0},"f":{},"b":{},"hash":"c1a92429c9d90b0799bf5924b7dc75f458067046"}
,"D:\\Development\\Code\\Udemy\\JS\\Projects\\Avia_Tickets\\src\\js\\store\\locations.js": {"path":"D:\\Development\\Code\\Udemy\\JS\\Projects\\Avia_Tickets\\src\\js\\store\\locations.js","statementMap":{"0":{"start":{"line":6,"column":4},"end":{"line":6,"column":19}},"1":{"start":{"line":7,"column":4},"end":{"line":7,"column":26}},"2":{"start":{"line":8,"column":4},"end":{"line":8,"column":23}},"3":{"start":{"line":9,"column":4},"end":{"line":9,"column":26}},"4":{"start":{"line":10,"column":4},"end":{"line":10,"column":25}},"5":{"start":{"line":11,"column":4},"end":{"line":11,"column":23}},"6":{"start":{"line":12,"column":4},"end":{"line":12,"column":41}},"7":{"start":{"line":15,"column":21},"end":{"line":19,"column":6}},"8":{"start":{"line":21,"column":42},"end":{"line":21,"column":50}},"9":{"start":{"line":22,"column":4},"end":{"line":22,"column":56}},"10":{"start":{"line":23,"column":4},"end":{"line":23,"column":47}},"11":{"start":{"line":24,"column":4},"end":{"line":24,"column":59}},"12":{"start":{"line":25,"column":4},"end":{"line":25,"column":53}},"13":{"start":{"line":27,"column":4},"end":{"line":27,"column":20}},"14":{"start":{"line":31,"column":17},"end":{"line":31,"column":80}},"15":{"start":{"line":31,"column":57},"end":{"line":31,"column":79}},"16":{"start":{"line":32,"column":4},"end":{"line":32,"column":21}},"17":{"start":{"line":36,"column":4},"end":{"line":36,"column":34}},"18":{"start":{"line":40,"column":4},"end":{"line":40,"column":63}},"19":{"start":{"line":44,"column":4},"end":{"line":44,"column":65}},"20":{"start":{"line":49,"column":4},"end":{"line":52,"column":11}},"21":{"start":{"line":50,"column":6},"end":{"line":50,"column":33}},"22":{"start":{"line":51,"column":6},"end":{"line":51,"column":17}},"23":{"start":{"line":56,"column":4},"end":{"line":61,"column":11}},"24":{"start":{"line":57,"column":6},"end":{"line":57,"column":64}},"25":{"start":{"line":58,"column":6},"end":{"line":58,"column":57}},"26":{"start":{"line":59,"column":6},"end":{"line":59,"column":28}},"27":{"start":{"line":60,"column":6},"end":{"line":60,"column":17}},"28":{"start":{"line":65,"column":4},"end":{"line":68,"column":11}},"29":{"start":{"line":66,"column":6},"end":{"line":66,"column":34}},"30":{"start":{"line":67,"column":6},"end":{"line":67,"column":17}},"31":{"start":{"line":73,"column":4},"end":{"line":86,"column":11}},"32":{"start":{"line":75,"column":27},"end":{"line":75,"column":65}},"33":{"start":{"line":76,"column":6},"end":{"line":76,"column":57}},"34":{"start":{"line":78,"column":24},"end":{"line":78,"column":54}},"35":{"start":{"line":80,"column":6},"end":{"line":84,"column":8}},"36":{"start":{"line":85,"column":6},"end":{"line":85,"column":17}},"37":{"start":{"line":90,"column":21},"end":{"line":90,"column":50}},"38":{"start":{"line":91,"column":4},"end":{"line":91,"column":59}},"39":{"start":{"line":95,"column":4},"end":{"line":105,"column":7}},"40":{"start":{"line":96,"column":6},"end":{"line":104,"column":8}},"41":{"start":{"line":111,"column":18},"end":{"line":111,"column":52}}},"fnMap":{"0":{"name":"(anonymous_0)","decl":{"start":{"line":5,"column":2},"end":{"line":5,"column":3}},"loc":{"start":{"line":5,"column":28},"end":{"line":13,"column":3}},"line":5},"1":{"name":"(anonymous_1)","decl":{"start":{"line":14,"column":2},"end":{"line":14,"column":3}},"loc":{"start":{"line":14,"column":15},"end":{"line":28,"column":3}},"line":14},"2":{"name":"(anonymous_2)","decl":{"start":{"line":30,"column":2},"end":{"line":30,"column":3}},"loc":{"start":{"line":30,"column":24},"end":{"line":33,"column":3}},"line":30},"3":{"name":"(anonymous_3)","decl":{"start":{"line":31,"column":49},"end":{"line":31,"column":50}},"loc":{"start":{"line":31,"column":57},"end":{"line":31,"column":79}},"line":31},"4":{"name":"(anonymous_4)","decl":{"start":{"line":35,"column":2},"end":{"line":35,"column":3}},"loc":{"start":{"line":35,"column":26},"end":{"line":37,"column":3}},"line":35},"5":{"name":"(anonymous_5)","decl":{"start":{"line":39,"column":2},"end":{"line":39,"column":3}},"loc":{"start":{"line":39,"column":30},"end":{"line":41,"column":3}},"line":39},"6":{"name":"(anonymous_6)","decl":{"start":{"line":43,"column":2},"end":{"line":43,"column":3}},"loc":{"start":{"line":43,"column":30},"end":{"line":45,"column":3}},"line":43},"7":{"name":"(anonymous_7)","decl":{"start":{"line":48,"column":2},"end":{"line":48,"column":3}},"loc":{"start":{"line":48,"column":28},"end":{"line":53,"column":3}},"line":48},"8":{"name":"(anonymous_8)","decl":{"start":{"line":49,"column":41},"end":{"line":49,"column":42}},"loc":{"start":{"line":49,"column":60},"end":{"line":52,"column":5}},"line":49},"9":{"name":"(anonymous_9)","decl":{"start":{"line":55,"column":2},"end":{"line":55,"column":3}},"loc":{"start":{"line":55,"column":30},"end":{"line":62,"column":3}},"line":55},"10":{"name":"(anonymous_10)","decl":{"start":{"line":56,"column":27},"end":{"line":56,"column":28}},"loc":{"start":{"line":56,"column":42},"end":{"line":61,"column":5}},"line":56},"11":{"name":"(anonymous_11)","decl":{"start":{"line":64,"column":2},"end":{"line":64,"column":3}},"loc":{"start":{"line":64,"column":32},"end":{"line":69,"column":3}},"line":64},"12":{"name":"(anonymous_12)","decl":{"start":{"line":65,"column":28},"end":{"line":65,"column":29}},"loc":{"start":{"line":65,"column":46},"end":{"line":68,"column":5}},"line":65},"13":{"name":"(anonymous_13)","decl":{"start":{"line":72,"column":2},"end":{"line":72,"column":3}},"loc":{"start":{"line":72,"column":26},"end":{"line":87,"column":3}},"line":72},"14":{"name":"(anonymous_14)","decl":{"start":{"line":73,"column":25},"end":{"line":73,"column":26}},"loc":{"start":{"line":73,"column":40},"end":{"line":86,"column":5}},"line":73},"15":{"name":"(anonymous_15)","decl":{"start":{"line":89,"column":2},"end":{"line":89,"column":3}},"loc":{"start":{"line":89,"column":29},"end":{"line":92,"column":3}},"line":89},"16":{"name":"(anonymous_16)","decl":{"start":{"line":94,"column":2},"end":{"line":94,"column":3}},"loc":{"start":{"line":94,"column":28},"end":{"line":106,"column":3}},"line":94},"17":{"name":"(anonymous_17)","decl":{"start":{"line":95,"column":38},"end":{"line":95,"column":39}},"loc":{"start":{"line":95,"column":48},"end":{"line":105,"column":5}},"line":95}},"branchMap":{"0":{"loc":{"start":{"line":40,"column":11},"end":{"line":40,"column":62}},"type":"cond-expr","locations":[{"start":{"line":40,"column":33},"end":{"line":40,"column":57}},{"start":{"line":40,"column":60},"end":{"line":40,"column":62}}],"line":40},"1":{"loc":{"start":{"line":44,"column":11},"end":{"line":44,"column":64}},"type":"cond-expr","locations":[{"start":{"line":44,"column":33},"end":{"line":44,"column":57}},{"start":{"line":44,"column":60},"end":{"line":44,"column":64}}],"line":44},"2":{"loc":{"start":{"line":58,"column":18},"end":{"line":58,"column":56}},"type":"binary-expr","locations":[{"start":{"line":58,"column":18},"end":{"line":58,"column":27}},{"start":{"line":58,"column":31},"end":{"line":58,"column":56}}],"line":58},"3":{"loc":{"start":{"line":76,"column":18},"end":{"line":76,"column":56}},"type":"binary-expr","locations":[{"start":{"line":76,"column":18},"end":{"line":76,"column":27}},{"start":{"line":76,"column":31},"end":{"line":76,"column":56}}],"line":76}},"s":{"0":0,"1":0,"2":0,"3":0,"4":0,"5":0,"6":0,"7":0,"8":0,"9":0,"10":0,"11":0,"12":0,"13":0,"14":0,"15":0,"16":0,"17":0,"18":0,"19":0,"20":0,"21":0,"22":0,"23":0,"24":0,"25":0,"26":0,"27":0,"28":0,"29":0,"30":0,"31":0,"32":0,"33":0,"34":0,"35":0,"36":0,"37":0,"38":0,"39":0,"40":0,"41":0},"f":{"0":0,"1":0,"2":0,"3":0,"4":0,"5":0,"6":0,"7":0,"8":0,"9":0,"10":0,"11":0,"12":0,"13":0,"14":0,"15":0,"16":0,"17":0},"b":{"0":[0,0],"1":[0,0],"2":[0,0],"3":[0,0]},"hash":"9f11fa03e45c873951ad0f77fbfef455f9d32cd9"}
,"D:\\Development\\Code\\Udemy\\JS\\Projects\\Avia_Tickets\\src\\js\\views\\currency.js": {"path":"D:\\Development\\Code\\Udemy\\JS\\Projects\\Avia_Tickets\\src\\js\\views\\currency.js","statementMap":{"0":{"start":{"line":3,"column":4},"end":{"line":3,"column":56}},"1":{"start":{"line":4,"column":4},"end":{"line":7,"column":5}},"2":{"start":{"line":11,"column":4},"end":{"line":11,"column":31}},"3":{"start":{"line":15,"column":4},"end":{"line":15,"column":46}},"4":{"start":{"line":19,"column":19},"end":{"line":19,"column":35}}},"fnMap":{"0":{"name":"(anonymous_0)","decl":{"start":{"line":2,"column":2},"end":{"line":2,"column":3}},"loc":{"start":{"line":2,"column":16},"end":{"line":8,"column":3}},"line":2},"1":{"name":"(anonymous_1)","decl":{"start":{"line":10,"column":2},"end":{"line":10,"column":3}},"loc":{"start":{"line":10,"column":21},"end":{"line":12,"column":3}},"line":10},"2":{"name":"(anonymous_2)","decl":{"start":{"line":14,"column":2},"end":{"line":14,"column":3}},"loc":{"start":{"line":14,"column":22},"end":{"line":16,"column":3}},"line":14}},"branchMap":{},"s":{"0":0,"1":0,"2":0,"3":0,"4":0},"f":{"0":0,"1":0,"2":0},"b":{},"hash":"b6317157e4a19cd3ed04073c2302caa8c5acf991"}
,"D:\\Development\\Code\\Udemy\\JS\\Projects\\Avia_Tickets\\src\\js\\views\\form.js": {"path":"D:\\Development\\Code\\Udemy\\JS\\Projects\\Avia_Tickets\\src\\js\\views\\form.js","statementMap":{"0":{"start":{"line":5,"column":4},"end":{"line":5,"column":52}},"1":{"start":{"line":6,"column":4},"end":{"line":6,"column":65}},"2":{"start":{"line":7,"column":4},"end":{"line":7,"column":64}},"3":{"start":{"line":8,"column":4},"end":{"line":8,"column":75}},"4":{"start":{"line":9,"column":4},"end":{"line":9,"column":74}},"5":{"start":{"line":10,"column":4},"end":{"line":10,"column":85}},"6":{"start":{"line":11,"column":4},"end":{"line":11,"column":85}},"7":{"start":{"line":15,"column":4},"end":{"line":15,"column":22}},"8":{"start":{"line":19,"column":4},"end":{"line":19,"column":29}},"9":{"start":{"line":23,"column":4},"end":{"line":23,"column":34}},"10":{"start":{"line":27,"column":4},"end":{"line":27,"column":34}},"11":{"start":{"line":31,"column":4},"end":{"line":31,"column":34}},"12":{"start":{"line":35,"column":4},"end":{"line":35,"column":45}},"13":{"start":{"line":36,"column":4},"end":{"line":36,"column":50}},"14":{"start":{"line":40,"column":15},"end":{"line":40,"column":73}}},"fnMap":{"0":{"name":"(anonymous_0)","decl":{"start":{"line":4,"column":2},"end":{"line":4,"column":3}},"loc":{"start":{"line":4,"column":56},"end":{"line":12,"column":3}},"line":4},"1":{"name":"(anonymous_1)","decl":{"start":{"line":14,"column":2},"end":{"line":14,"column":3}},"loc":{"start":{"line":14,"column":13},"end":{"line":16,"column":3}},"line":14},"2":{"name":"(anonymous_2)","decl":{"start":{"line":18,"column":2},"end":{"line":18,"column":3}},"loc":{"start":{"line":18,"column":20},"end":{"line":20,"column":3}},"line":18},"3":{"name":"(anonymous_3)","decl":{"start":{"line":22,"column":2},"end":{"line":22,"column":3}},"loc":{"start":{"line":22,"column":25},"end":{"line":24,"column":3}},"line":22},"4":{"name":"(anonymous_4)","decl":{"start":{"line":26,"column":2},"end":{"line":26,"column":3}},"loc":{"start":{"line":26,"column":24},"end":{"line":28,"column":3}},"line":26},"5":{"name":"(anonymous_5)","decl":{"start":{"line":30,"column":2},"end":{"line":30,"column":3}},"loc":{"start":{"line":30,"column":24},"end":{"line":32,"column":3}},"line":30},"6":{"name":"(anonymous_6)","decl":{"start":{"line":34,"column":2},"end":{"line":34,"column":3}},"loc":{"start":{"line":34,"column":28},"end":{"line":37,"column":3}},"line":34}},"branchMap":{},"s":{"0":0,"1":0,"2":0,"3":0,"4":0,"5":0,"6":0,"7":0,"8":0,"9":0,"10":0,"11":0,"12":0,"13":0,"14":0},"f":{"0":0,"1":0,"2":0,"3":0,"4":0,"5":0,"6":0},"b":{},"hash":"12a807904cd5765228814fa6cc8659cc23fd11b0"}
,"D:\\Development\\Code\\Udemy\\JS\\Projects\\Avia_Tickets\\src\\js\\views\\tickets.js": {"path":"D:\\Development\\Code\\Udemy\\JS\\Projects\\Avia_Tickets\\src\\js\\views\\tickets.js","statementMap":{"0":{"start":{"line":5,"column":8},"end":{"line":5,"column":74}},"1":{"start":{"line":6,"column":8},"end":{"line":6,"column":75}},"2":{"start":{"line":10,"column":8},"end":{"line":10,"column":30}},"3":{"start":{"line":12,"column":8},"end":{"line":15,"column":9}},"4":{"start":{"line":13,"column":12},"end":{"line":13,"column":32}},"5":{"start":{"line":14,"column":12},"end":{"line":14,"column":19}},"6":{"start":{"line":17,"column":21},"end":{"line":17,"column":23}},"7":{"start":{"line":18,"column":23},"end":{"line":18,"column":47}},"8":{"start":{"line":20,"column":8},"end":{"line":23,"column":11}},"9":{"start":{"line":21,"column":29},"end":{"line":21,"column":71}},"10":{"start":{"line":22,"column":12},"end":{"line":22,"column":33}},"11":{"start":{"line":25,"column":6},"end":{"line":25,"column":64}},"12":{"start":{"line":29,"column":8},"end":{"line":29,"column":38}},"13":{"start":{"line":33,"column":25},"end":{"line":33,"column":53}},"14":{"start":{"line":34,"column":8},"end":{"line":34,"column":66}},"15":{"start":{"line":38,"column":8},"end":{"line":40,"column":14}},"16":{"start":{"line":44,"column":8},"end":{"line":73,"column":2}},"17":{"start":{"line":77,"column":18},"end":{"line":77,"column":43}}},"fnMap":{"0":{"name":"(anonymous_0)","decl":{"start":{"line":4,"column":4},"end":{"line":4,"column":5}},"loc":{"start":{"line":4,"column":26},"end":{"line":7,"column":5}},"line":4},"1":{"name":"(anonymous_1)","decl":{"start":{"line":9,"column":4},"end":{"line":9,"column":5}},"loc":{"start":{"line":9,"column":27},"end":{"line":26,"column":5}},"line":9},"2":{"name":"(anonymous_2)","decl":{"start":{"line":20,"column":24},"end":{"line":20,"column":25}},"loc":{"start":{"line":20,"column":34},"end":{"line":23,"column":9}},"line":20},"3":{"name":"(anonymous_3)","decl":{"start":{"line":28,"column":4},"end":{"line":28,"column":5}},"loc":{"start":{"line":28,"column":21},"end":{"line":30,"column":5}},"line":28},"4":{"name":"(anonymous_4)","decl":{"start":{"line":32,"column":4},"end":{"line":32,"column":5}},"loc":{"start":{"line":32,"column":19},"end":{"line":35,"column":5}},"line":32},"5":{"name":"(anonymous_5)","decl":{"start":{"line":37,"column":4},"end":{"line":37,"column":5}},"loc":{"start":{"line":37,"column":30},"end":{"line":41,"column":5}},"line":37},"6":{"name":"(anonymous_6)","decl":{"start":{"line":43,"column":4},"end":{"line":43,"column":5}},"loc":{"start":{"line":43,"column":44},"end":{"line":74,"column":5}},"line":43}},"branchMap":{"0":{"loc":{"start":{"line":12,"column":8},"end":{"line":15,"column":9}},"type":"if","locations":[{"start":{"line":12,"column":8},"end":{"line":15,"column":9}},{"start":{"line":12,"column":8},"end":{"line":15,"column":9}}],"line":12}},"s":{"0":0,"1":0,"2":0,"3":0,"4":0,"5":0,"6":0,"7":0,"8":0,"9":0,"10":0,"11":0,"12":0,"13":0,"14":0,"15":0,"16":0,"17":0},"f":{"0":0,"1":0,"2":0,"3":0,"4":0,"5":0,"6":0},"b":{"0":[0,0]},"hash":"9d301a5d69edadb62c1b234a0587eef8dadf34e0"}
}
